<?xml version="1.0" encoding="UTF-8"?>
<!-- Generated by org.testng.reporters.JUnitReportReporter -->
<testsuite hostname="TYSS-Basavaraj" failures="0" tests="2" name="pac1.CreateOrg" time="0.015" errors="0" timestamp="2024-05-20T14:50:21 IST" skipped="0">
  <testcase classname="pac1.CreateOrg" name="createOrg" time="0.013"/>
  <testcase classname="pac1.CreateOrg" name="createOrgWithPhone" time="0.002"/>
</testsuite> <!-- pac1.CreateOrg -->
