<?xml version="1.0" encoding="UTF-8"?>
<!-- Generated by org.testng.reporters.JUnitReportReporter -->
<testsuite hostname="TYSS-Basavaraj" failures="0" tests="2" name="pac2.CreateContact" time="0.018" errors="0" timestamp="2024-05-20T14:50:16 IST" skipped="0">
  <testcase classname="pac2.CreateContact" name="createContact" time="0.015"/>
  <testcase classname="pac2.CreateContact" name="createContactWithOrg" time="0.003"/>
</testsuite> <!-- pac2.CreateContact -->
